<?xml version="1.0" encoding="UTF-8"?>
<!-- Generated by org.testng.reporters.JUnitXMLReporter -->
<testsuite hostname="ASDW0128" ignored="0" name="Default test" tests="10" failures="0" timestamp="29 Jun 2018 04:42:25 GMT" time="9.932" errors="0">
  <testcase name="test_Grid_Gate" time="0.662" classname="assignment.TestTatoc"/>
  <testcase name="test_Frame_Dungeon" time="1.324" classname="assignment.TestTatoc"/>
  <testcase name="test_Task_Drag_Around" time="0.284" classname="assignment.TestTatoc"/>
  <testcase name="test_Task_Popup_Windows" time="1.474" classname="assignment.TestTatoc"/>
  <testcase name="test_Task_Cookie_Handling" time="0.211" classname="assignment.TestTatoc"/>
  <testcase name="test_page1" time="0.389" classname="assignment.TestTatoc"/>
  <testcase name="test_page2" time="3.083" classname="assignment.TestTatoc"/>
  <testcase name="test_page3" time="0.223" classname="assignment.TestTatoc"/>
  <testcase name="test_page4" time="1.406" classname="assignment.TestTatoc"/>
  <testcase name="test_page5" time="0.195" classname="assignment.TestTatoc"/>
</testsuite> <!-- Default test -->
